Determining if the pthread_create exist failed with the following output:
Change Dir: /home/phyorch/MasterResearch/Experiment/cmake-build-debug/CMakeFiles/CMakeTmp

Run Build Command:"/usr/bin/make" "cmTC_d4046/fast"
/usr/bin/make -f CMakeFiles/cmTC_d4046.dir/build.make CMakeFiles/cmTC_d4046.dir/build
make[1]: Entering directory '/home/phyorch/MasterResearch/Experiment/cmake-build-debug/CMakeFiles/CMakeTmp'
Building C object CMakeFiles/cmTC_d4046.dir/CheckSymbolExists.c.o
/usr/bin/gcc-5    -o CMakeFiles/cmTC_d4046.dir/CheckSymbolExists.c.o   -c /home/phyorch/MasterResearch/Experiment/cmake-build-debug/CMakeFiles/CMakeTmp/CheckSymbolExists.c
Linking C executable cmTC_d4046
/home/phyorch/Install_Lib/clion-2018.1/bin/cmake/bin/cmake -E cmake_link_script CMakeFiles/cmTC_d4046.dir/link.txt --verbose=1
/usr/bin/gcc-5      CMakeFiles/cmTC_d4046.dir/CheckSymbolExists.c.o  -o cmTC_d4046 
CMakeFiles/cmTC_d4046.dir/CheckSymbolExists.c.o: In function `main':
CheckSymbolExists.c:(.text+0x16): undefined reference to `pthread_create'
collect2: error: ld returned 1 exit status
CMakeFiles/cmTC_d4046.dir/build.make:97: recipe for target 'cmTC_d4046' failed
make[1]: *** [cmTC_d4046] Error 1
make[1]: Leaving directory '/home/phyorch/MasterResearch/Experiment/cmake-build-debug/CMakeFiles/CMakeTmp'
Makefile:126: recipe for target 'cmTC_d4046/fast' failed
make: *** [cmTC_d4046/fast] Error 2

File /home/phyorch/MasterResearch/Experiment/cmake-build-debug/CMakeFiles/CMakeTmp/CheckSymbolExists.c:
/* */
#include <pthread.h>

int main(int argc, char** argv)
{
  (void)argv;
#ifndef pthread_create
  return ((int*)(&pthread_create))[argc];
#else
  (void)argc;
  return 0;
#endif
}

Determining if the function pthread_create exists in the pthreads failed with the following output:
Change Dir: /home/phyorch/MasterResearch/Experiment/cmake-build-debug/CMakeFiles/CMakeTmp

Run Build Command:"/usr/bin/make" "cmTC_7855e/fast"
/usr/bin/make -f CMakeFiles/cmTC_7855e.dir/build.make CMakeFiles/cmTC_7855e.dir/build
make[1]: Entering directory '/home/phyorch/MasterResearch/Experiment/cmake-build-debug/CMakeFiles/CMakeTmp'
Building C object CMakeFiles/cmTC_7855e.dir/CheckFunctionExists.c.o
/usr/bin/gcc-5   -DCHECK_FUNCTION_EXISTS=pthread_create   -o CMakeFiles/cmTC_7855e.dir/CheckFunctionExists.c.o   -c /home/phyorch/Install_Lib/clion-2018.1/bin/cmake/share/cmake-3.10/Modules/CheckFunctionExists.c
Linking C executable cmTC_7855e
/home/phyorch/Install_Lib/clion-2018.1/bin/cmake/bin/cmake -E cmake_link_script CMakeFiles/cmTC_7855e.dir/link.txt --verbose=1
/usr/bin/gcc-5  -DCHECK_FUNCTION_EXISTS=pthread_create    CMakeFiles/cmTC_7855e.dir/CheckFunctionExists.c.o  -o cmTC_7855e -lpthreads 
/usr/bin/ld: cannot find -lpthreads
collect2: error: ld returned 1 exit status
CMakeFiles/cmTC_7855e.dir/build.make:97: recipe for target 'cmTC_7855e' failed
make[1]: *** [cmTC_7855e] Error 1
make[1]: Leaving directory '/home/phyorch/MasterResearch/Experiment/cmake-build-debug/CMakeFiles/CMakeTmp'
Makefile:126: recipe for target 'cmTC_7855e/fast' failed
make: *** [cmTC_7855e/fast] Error 2


