Determining if the pthread_create exist failed with the following output:
Change Dir: /home/phyorch/MasterResearch/Experiment/build/CMakeFiles/CMakeTmp

Run Build Command:"/usr/bin/make" "cmTC_8280a/fast"
/usr/bin/make -f CMakeFiles/cmTC_8280a.dir/build.make CMakeFiles/cmTC_8280a.dir/build
make[1]: Entering directory '/home/phyorch/MasterResearch/Experiment/build/CMakeFiles/CMakeTmp'
Building C object CMakeFiles/cmTC_8280a.dir/CheckSymbolExists.c.o
/usr/bin/cc     -o CMakeFiles/cmTC_8280a.dir/CheckSymbolExists.c.o   -c /home/phyorch/MasterResearch/Experiment/build/CMakeFiles/CMakeTmp/CheckSymbolExists.c
Linking C executable cmTC_8280a
/usr/bin/cmake -E cmake_link_script CMakeFiles/cmTC_8280a.dir/link.txt --verbose=1
/usr/bin/cc       CMakeFiles/cmTC_8280a.dir/CheckSymbolExists.c.o  -o cmTC_8280a 
CMakeFiles/cmTC_8280a.dir/CheckSymbolExists.c.o: In function `main':
CheckSymbolExists.c:(.text+0x16): undefined reference to `pthread_create'
collect2: error: ld returned 1 exit status
CMakeFiles/cmTC_8280a.dir/build.make:97: recipe for target 'cmTC_8280a' failed
make[1]: *** [cmTC_8280a] Error 1
make[1]: Leaving directory '/home/phyorch/MasterResearch/Experiment/build/CMakeFiles/CMakeTmp'
Makefile:126: recipe for target 'cmTC_8280a/fast' failed
make: *** [cmTC_8280a/fast] Error 2

File /home/phyorch/MasterResearch/Experiment/build/CMakeFiles/CMakeTmp/CheckSymbolExists.c:
/* */
#include <pthread.h>

int main(int argc, char** argv)
{
  (void)argv;
#ifndef pthread_create
  return ((int*)(&pthread_create))[argc];
#else
  (void)argc;
  return 0;
#endif
}

Determining if the function pthread_create exists in the pthreads failed with the following output:
Change Dir: /home/phyorch/MasterResearch/Experiment/build/CMakeFiles/CMakeTmp

Run Build Command:"/usr/bin/make" "cmTC_67bfd/fast"
/usr/bin/make -f CMakeFiles/cmTC_67bfd.dir/build.make CMakeFiles/cmTC_67bfd.dir/build
make[1]: Entering directory '/home/phyorch/MasterResearch/Experiment/build/CMakeFiles/CMakeTmp'
Building C object CMakeFiles/cmTC_67bfd.dir/CheckFunctionExists.c.o
/usr/bin/cc    -DCHECK_FUNCTION_EXISTS=pthread_create   -o CMakeFiles/cmTC_67bfd.dir/CheckFunctionExists.c.o   -c /usr/share/cmake-3.5/Modules/CheckFunctionExists.c
Linking C executable cmTC_67bfd
/usr/bin/cmake -E cmake_link_script CMakeFiles/cmTC_67bfd.dir/link.txt --verbose=1
/usr/bin/cc   -DCHECK_FUNCTION_EXISTS=pthread_create    CMakeFiles/cmTC_67bfd.dir/CheckFunctionExists.c.o  -o cmTC_67bfd -lpthreads 
/usr/bin/ld: cannot find -lpthreads
collect2: error: ld returned 1 exit status
CMakeFiles/cmTC_67bfd.dir/build.make:97: recipe for target 'cmTC_67bfd' failed
make[1]: *** [cmTC_67bfd] Error 1
make[1]: Leaving directory '/home/phyorch/MasterResearch/Experiment/build/CMakeFiles/CMakeTmp'
Makefile:126: recipe for target 'cmTC_67bfd/fast' failed
make: *** [cmTC_67bfd/fast] Error 2


